275	0	other/img_39.173099, -91.886520_freq_4.png
54	1	road/img_32.876899, -117.186056_freq_3.png
112	0	other/img_35.218759, -97.422209_freq_1.png
250	1	road/img_38.798163, -90.559493_freq_3.png
219	0	other/img_38.452114, -122.750846_freq_4.png
327	0	other/img_40.804153, -96.682148_freq_4.png
353	1	road/img_42.530085, -98.971011_freq_2.png
24	1	road/img_31.782211, -97.576846_freq_1.png
110	1	road/img_35.042763, -110.699142_freq_3.png
346	1	road/img_42.325612, -88.983268_freq_3.png
263	0	other/img_38.886021, -94.724304_freq_4.png
320	0	other/img_40.788970, -91.115783_freq_1.png
130	1	road/img_35.464036, -97.530790_freq_3.png
330	1	road/img_40.826027, -91.208710_freq_3.png
107	0	other/img_34.983854, -97.370283_freq_4.png
102	1	road/img_34.865696, -111.764206_freq_3.png
332	0	other/img_41.113269, -85.176869_freq_1.png
113	0	other/img_35.218759, -97.422209_freq_2.png
278	1	road/img_39.392193, -119.790039_freq_3.png
226	0	other/img_38.542992, -90.192497_freq_3.png
4	0	other/img_28.782888, -97.045563_freq_1.png
136	1	road/img_35.484282, -120.665052_freq_1.png
49	0	other/img_32.781604, -97.388521_freq_2.png
243	0	other/img_38.701206, -90.263960_freq_4.png
227	0	other/img_38.542992, -90.192497_freq_4.png
150	1	road/img_35.981815, -87.317253_freq_3.png
163	0	other/img_36.493792, -90.064697_freq_4.png
394	1	road/img_47.138551, -122.525624_freq_3.png
322	1	road/img_40.788970, -91.115783_freq_3.png
318	1	road/img_40.588079, -111.958350_freq_3.png
158	1	road/img_36.461764, -94.302287_freq_3.png
152	1	road/img_36.168284, -95.922185_freq_1.png
144	0	other/img_35.929514, -94.966497_freq_1.png
338	1	road/img_41.260788, -96.177233_freq_3.png
215	0	other/img_38.306587, -90.531544_freq_4.png
74	0	other/img_34.042803, -118.219286_freq_3.png
294	1	road/img_39.855786, -104.956085_freq_3.png
239	0	other/img_38.685054, -90.339324_freq_4.png
358	1	road/img_43.467882, -112.003715_freq_3.png
100	0	other/img_34.865696, -111.764206_freq_1.png
77	0	other/img_34.075591, -117.719565_freq_2.png
171	0	other/img_36.808486, -119.874246_freq_4.png
312	0	other/img_40.364099, -111.742177_freq_1.png
32	0	other/img_32.156635, -94.345393_freq_1.png
193	0	other/img_37.673163, -122.085555_freq_2.png
96	0	other/img_34.556566, -117.288937_freq_1.png
162	1	road/img_36.493792, -90.064697_freq_3.png
307	0	other/img_40.051826, -105.055939_freq_4.png
262	1	road/img_38.886021, -94.724304_freq_3.png
160	1	road/img_36.493792, -90.064697_freq_1.png
44	1	road/img_32.755714, -117.126091_freq_1.png
73	1	road/img_34.042803, -118.219286_freq_2.png
387	0	other/img_46.316134, -117.988836_freq_4.png
258	1	road/img_38.883829, -94.800514_freq_3.png
319	0	other/img_40.588079, -111.958350_freq_4.png
269	1	road/img_39.014388, -94.736880_freq_2.png
233	0	other/img_38.664221, -121.272608_freq_2.png
8	0	other/img_29.449435, -95.078111_freq_1.png
196	0	other/img_37.754088, -100.044436_freq_1.png
142	1	road/img_35.507775, -87.226297_freq_3.png
252	0	other/img_38.856704, -104.719581_freq_1.png
341	0	other/img_41.651033, -86.216179_freq_2.png
249	0	other/img_38.798163, -90.559493_freq_2.png
197	0	other/img_37.754088, -100.044436_freq_2.png
336	0	other/img_41.260788, -96.177233_freq_1.png
104	0	other/img_34.983854, -97.370283_freq_1.png
200	1	road/img_37.761433, -122.477325_freq_1.png
238	0	other/img_38.685054, -90.339324_freq_3.png
241	1	road/img_38.701206, -90.263960_freq_2.png
300	0	other/img_39.914940, -105.006603_freq_1.png
87	0	other/img_34.221697, -118.467373_freq_4.png
265	0	other/img_38.974446, -94.551028_freq_2.png
382	0	other/img_45.831864, -109.961836_freq_3.png
126	1	road/img_35.463771, -97.417655_freq_3.png
343	0	other/img_41.651033, -86.216179_freq_4.png
383	0	other/img_45.831864, -109.961836_freq_4.png
272	0	other/img_39.173099, -91.886520_freq_1.png
118	1	road/img_35.270870, -111.544006_freq_3.png
5	0	other/img_28.782888, -97.045563_freq_2.png
329	0	other/img_40.826027, -91.208710_freq_2.png
260	0	other/img_38.886021, -94.724304_freq_1.png
127	0	other/img_35.463771, -97.417655_freq_4.png
133	1	road/img_35.467226, -93.831410_freq_2.png
185	0	other/img_37.568253, -122.026146_freq_2.png
122	1	road/img_35.404598, -94.460398_freq_3.png
277	0	other/img_39.392193, -119.790039_freq_2.png
396	0	other/img_48.398601, -122.328557_freq_1.png
230	1	road/img_38.567398, -90.495452_freq_3.png
7	0	other/img_28.782888, -97.045563_freq_4.png
120	0	other/img_35.404598, -94.460398_freq_1.png
172	0	other/img_36.889373, -89.543597_freq_1.png
229	0	other/img_38.567398, -90.495452_freq_2.png
47	0	other/img_32.755714, -117.126091_freq_4.png
315	0	other/img_40.364099, -111.742177_freq_4.png
10	1	road/img_29.449435, -95.078111_freq_3.png
176	1	road/img_37.056880, -120.855790_freq_1.png
22	0	other/img_30.742342, -99.225417_freq_3.png
302	1	road/img_39.914940, -105.006603_freq_3.png
389	1	road/img_46.599908, -120.572529_freq_2.png
364	0	other/img_44.067844, -103.195831_freq_1.png
268	0	other/img_39.014388, -94.736880_freq_1.png
295	0	other/img_39.855786, -104.956085_freq_4.png
154	0	other/img_36.168284, -95.922185_freq_3.png
166	0	other/img_36.642210, -93.204353_freq_3.png
292	0	other/img_39.855786, -104.956085_freq_1.png
69	0	other/img_33.858246, -118.082556_freq_2.png
321	0	other/img_40.788970, -91.115783_freq_2.png
242	1	road/img_38.701206, -90.263960_freq_3.png
124	0	other/img_35.463771, -97.417655_freq_1.png
267	0	other/img_38.974446, -94.551028_freq_4.png
192	0	other/img_37.673163, -122.085555_freq_1.png
119	0	other/img_35.270870, -111.544006_freq_4.png
76	0	other/img_34.075591, -117.719565_freq_1.png
208	0	other/img_38.051319, -97.935127_freq_1.png
237	1	road/img_38.685054, -90.339324_freq_2.png
101	0	other/img_34.865696, -111.764206_freq_2.png
78	1	road/img_34.075591, -117.719565_freq_3.png
94	1	road/img_34.493382, -118.199384_freq_3.png
291	0	other/img_39.781769, -86.083413_freq_4.png
284	0	other/img_39.695696, -105.071700_freq_1.png
58	1	road/img_33.037973, -111.378656_freq_3.png
323	0	other/img_40.788970, -91.115783_freq_4.png
266	1	road/img_38.974446, -94.551028_freq_3.png
232	0	other/img_38.664221, -121.272608_freq_1.png
209	0	other/img_38.051319, -97.935127_freq_2.png
27	0	other/img_31.782211, -97.576846_freq_4.png
31	0	other/img_32.012106, -90.357557_freq_4.png
59	0	other/img_33.037973, -111.378656_freq_4.png
132	0	other/img_35.467226, -93.831410_freq_1.png
255	0	other/img_38.856704, -104.719581_freq_4.png
106	1	road/img_34.983854, -97.370283_freq_3.png
395	0	other/img_47.138551, -122.525624_freq_4.png
57	1	road/img_33.037973, -111.378656_freq_2.png
125	0	other/img_35.463771, -97.417655_freq_2.png
68	0	other/img_33.858246, -118.082556_freq_1.png
190	1	road/img_37.570248, -90.286181_freq_3.png
151	0	other/img_35.981815, -87.317253_freq_4.png
108	0	other/img_35.042763, -110.699142_freq_1.png
145	1	road/img_35.929514, -94.966497_freq_2.png
221	1	road/img_38.502609, -90.298036_freq_2.png
60	0	other/img_33.611694, -114.725608_freq_1.png
391	0	other/img_46.599908, -120.572529_freq_4.png
214	1	road/img_38.306587, -90.531544_freq_3.png
211	0	other/img_38.051319, -97.935127_freq_4.png
128	0	other/img_35.464036, -97.530790_freq_1.png
368	1	road/img_45.306483, -122.948029_freq_1.png
235	0	other/img_38.664221, -121.272608_freq_4.png
376	0	other/img_45.504331, -122.475114_freq_1.png
138	1	road/img_35.484282, -120.665052_freq_3.png
240	0	other/img_38.701206, -90.263960_freq_1.png
335	0	other/img_41.113269, -85.176869_freq_4.png
52	0	other/img_32.876899, -117.186056_freq_1.png
109	1	road/img_35.042763, -110.699142_freq_2.png
33	0	other/img_32.156635, -94.345393_freq_2.png
95	0	other/img_34.493382, -118.199384_freq_4.png
180	0	other/img_37.315876, -122.031860_freq_1.png
290	1	road/img_39.781769, -86.083413_freq_3.png
222	0	other/img_38.502609, -90.298036_freq_3.png
26	1	road/img_31.782211, -97.576846_freq_3.png
257	0	other/img_38.883829, -94.800514_freq_2.png
177	1	road/img_37.056880, -120.855790_freq_2.png
280	0	other/img_39.620273, -104.888916_freq_1.png
362	1	road/img_44.045524, -122.966851_freq_3.png
201	1	road/img_37.761433, -122.477325_freq_2.png
372	0	other/img_45.415814, -122.593356_freq_1.png
19	0	other/img_30.166849, -81.748018_freq_4.png
38	1	road/img_32.196769, -95.853902_freq_3.png
115	0	other/img_35.218759, -97.422209_freq_4.png
11	0	other/img_29.449435, -95.078111_freq_4.png
366	1	road/img_44.067844, -103.195831_freq_3.png
351	0	other/img_42.436798, -96.413577_freq_4.png
350	1	road/img_42.436798, -96.413577_freq_3.png
83	0	other/img_34.077039, -118.046992_freq_4.png
378	0	other/img_45.504331, -122.475114_freq_3.png
178	0	other/img_37.056880, -120.855790_freq_3.png
385	1	road/img_46.316134, -117.988836_freq_2.png
97	1	road/img_34.556566, -117.288937_freq_2.png
345	0	other/img_42.325612, -88.983268_freq_2.png
297	0	other/img_39.875982, -75.121634_freq_2.png
199	0	other/img_37.754088, -100.044436_freq_4.png
234	1	road/img_38.664221, -121.272608_freq_3.png
139	0	other/img_35.484282, -120.665052_freq_4.png
304	0	other/img_40.051826, -105.055939_freq_1.png
270	0	other/img_39.014388, -94.736880_freq_3.png
273	0	other/img_39.173099, -91.886520_freq_2.png
23	0	other/img_30.742342, -99.225417_freq_4.png
365	0	other/img_44.067844, -103.195831_freq_2.png
75	0	other/img_34.042803, -118.219286_freq_4.png
175	0	other/img_36.889373, -89.543597_freq_4.png
360	0	other/img_44.045524, -122.966851_freq_1.png
80	0	other/img_34.077039, -118.046992_freq_1.png
259	0	other/img_38.883829, -94.800514_freq_4.png
53	0	other/img_32.876899, -117.186056_freq_2.png
30	1	road/img_32.012106, -90.357557_freq_3.png
43	0	other/img_32.621311, -93.268366_freq_4.png
287	0	other/img_39.695696, -105.071700_freq_4.png
301	0	other/img_39.914940, -105.006603_freq_2.png
352	0	other/img_42.530085, -98.971011_freq_1.png
244	0	other/img_38.709484, -90.880325_freq_1.png
66	1	road/img_33.836291, -118.328960_freq_3.png
56	0	other/img_33.037973, -111.378656_freq_1.png
331	0	other/img_40.826027, -91.208710_freq_4.png
325	0	other/img_40.804153, -96.682148_freq_2.png
81	0	other/img_34.077039, -118.046992_freq_2.png
367	0	other/img_44.067844, -103.195831_freq_4.png
90	1	road/img_34.311032, -92.413717_freq_3.png
45	0	other/img_32.755714, -117.126091_freq_2.png
98	1	road/img_34.556566, -117.288937_freq_3.png
225	0	other/img_38.542992, -90.192497_freq_2.png
36	0	other/img_32.196769, -95.853902_freq_1.png
213	0	other/img_38.306587, -90.531544_freq_2.png
13	0	other/img_29.617713, -95.564214_freq_2.png
293	0	other/img_39.855786, -104.956085_freq_2.png
48	0	other/img_32.781604, -97.388521_freq_1.png
50	1	road/img_32.781604, -97.388521_freq_3.png
202	0	other/img_37.761433, -122.477325_freq_3.png
305	0	other/img_40.051826, -105.055939_freq_2.png
349	0	other/img_42.436798, -96.413577_freq_2.png
354	1	road/img_42.530085, -98.971011_freq_3.png
313	0	other/img_40.364099, -111.742177_freq_2.png
114	1	road/img_35.218759, -97.422209_freq_3.png
140	0	other/img_35.507775, -87.226297_freq_1.png
306	1	road/img_40.051826, -105.055939_freq_3.png
251	0	other/img_38.798163, -90.559493_freq_4.png
377	0	other/img_45.504331, -122.475114_freq_2.png
339	0	other/img_41.260788, -96.177233_freq_4.png
271	0	other/img_39.014388, -94.736880_freq_4.png
157	0	other/img_36.461764, -94.302287_freq_2.png
261	0	other/img_38.886021, -94.724304_freq_2.png
188	1	road/img_37.570248, -90.286181_freq_1.png
285	0	other/img_39.695696, -105.071700_freq_2.png
337	0	other/img_41.260788, -96.177233_freq_2.png
16	0	other/img_30.166849, -81.748018_freq_1.png
93	0	other/img_34.493382, -118.199384_freq_2.png
89	1	road/img_34.311032, -92.413717_freq_2.png
0	0	other/img_21.331533, -157.865814_freq_1.png
67	0	other/img_33.836291, -118.328960_freq_4.png
205	1	road/img_37.810012, -122.245290_freq_2.png
224	0	other/img_38.542992, -90.192497_freq_1.png
65	0	other/img_33.836291, -118.328960_freq_2.png
310	0	other/img_40.127765, -75.347696_freq_3.png
187	0	other/img_37.568253, -122.026146_freq_4.png
334	1	road/img_41.113269, -85.176869_freq_3.png
274	1	road/img_39.173099, -91.886520_freq_3.png
61	0	other/img_33.611694, -114.725608_freq_2.png
191	0	other/img_37.570248, -90.286181_freq_4.png
155	0	other/img_36.168284, -95.922185_freq_4.png
375	0	other/img_45.415814, -122.593356_freq_4.png
373	0	other/img_45.415814, -122.593356_freq_2.png
134	0	other/img_35.467226, -93.831410_freq_3.png
303	0	other/img_39.914940, -105.006603_freq_4.png
342	1	road/img_41.651033, -86.216179_freq_3.png
63	0	other/img_33.611694, -114.725608_freq_4.png
253	1	road/img_38.856704, -104.719581_freq_2.png
141	0	other/img_35.507775, -87.226297_freq_2.png
316	0	other/img_40.588079, -111.958350_freq_1.png
289	0	other/img_39.781769, -86.083413_freq_2.png
218	1	road/img_38.452114, -122.750846_freq_3.png
361	0	other/img_44.045524, -122.966851_freq_2.png
357	0	other/img_43.467882, -112.003715_freq_2.png
217	0	other/img_38.452114, -122.750846_freq_2.png
390	0	other/img_46.599908, -120.572529_freq_3.png
326	1	road/img_40.804153, -96.682148_freq_3.png
299	0	other/img_39.875982, -75.121634_freq_4.png
236	0	other/img_38.685054, -90.339324_freq_1.png
20	1	road/img_30.742342, -99.225417_freq_1.png
379	1	road/img_45.504331, -122.475114_freq_4.png
198	1	road/img_37.754088, -100.044436_freq_3.png
309	1	road/img_40.127765, -75.347696_freq_2.png
282	1	road/img_39.620273, -104.888916_freq_3.png
3	0	other/img_21.331533, -157.865814_freq_4.png
363	0	other/img_44.045524, -122.966851_freq_4.png
392	0	other/img_47.138551, -122.525624_freq_1.png
340	0	other/img_41.651033, -86.216179_freq_1.png
348	0	other/img_42.436798, -96.413577_freq_1.png
14	1	road/img_29.617713, -95.564214_freq_3.png
286	1	road/img_39.695696, -105.071700_freq_3.png
246	1	road/img_38.709484, -90.880325_freq_3.png
35	0	other/img_32.156635, -94.345393_freq_4.png
264	0	other/img_38.974446, -94.551028_freq_1.png
374	1	road/img_45.415814, -122.593356_freq_3.png
182	1	road/img_37.315876, -122.031860_freq_3.png
111	0	other/img_35.042763, -110.699142_freq_4.png
46	1	road/img_32.755714, -117.126091_freq_3.png
279	0	other/img_39.392193, -119.790039_freq_4.png
41	1	road/img_32.621311, -93.268366_freq_2.png
370	0	other/img_45.306483, -122.948029_freq_3.png
380	0	other/img_45.831864, -109.961836_freq_1.png
55	0	other/img_32.876899, -117.186056_freq_4.png
308	0	other/img_40.127765, -75.347696_freq_1.png
153	0	other/img_36.168284, -95.922185_freq_2.png
86	1	road/img_34.221697, -118.467373_freq_3.png
148	0	other/img_35.981815, -87.317253_freq_1.png
314	1	road/img_40.364099, -111.742177_freq_3.png
121	1	road/img_35.404598, -94.460398_freq_2.png
183	0	other/img_37.315876, -122.031860_freq_4.png
143	0	other/img_35.507775, -87.226297_freq_4.png
347	0	other/img_42.325612, -88.983268_freq_4.png
399	0	other/img_48.398601, -122.328557_freq_4.png
384	1	road/img_46.316134, -117.988836_freq_1.png
28	1	road/img_32.012106, -90.357557_freq_1.png
42	1	road/img_32.621311, -93.268366_freq_3.png
173	1	road/img_36.889373, -89.543597_freq_2.png
88	0	other/img_34.311032, -92.413717_freq_1.png
64	0	other/img_33.836291, -118.328960_freq_1.png
276	0	other/img_39.392193, -119.790039_freq_1.png
247	0	other/img_38.709484, -90.880325_freq_4.png
248	0	other/img_38.798163, -90.559493_freq_1.png
170	1	road/img_36.808486, -119.874246_freq_3.png
216	0	other/img_38.452114, -122.750846_freq_1.png
324	0	other/img_40.804153, -96.682148_freq_1.png
17	0	other/img_30.166849, -81.748018_freq_2.png
129	0	other/img_35.464036, -97.530790_freq_2.png
181	0	other/img_37.315876, -122.031860_freq_2.png
344	0	other/img_42.325612, -88.983268_freq_1.png
92	0	other/img_34.493382, -118.199384_freq_1.png
161	0	other/img_36.493792, -90.064697_freq_2.png
147	0	other/img_35.929514, -94.966497_freq_4.png
228	0	other/img_38.567398, -90.495452_freq_1.png
99	0	other/img_34.556566, -117.288937_freq_4.png
