334	0	other/img_41.113269_-85.176869_freq_3.png
394	0	other/img_47.138551_-122.525624_freq_3.png
160	0	other/img_36.493792_-90.064697_freq_1.png
273	0	other/img_39.173099_-91.886520_freq_2.png
39	0	other/img_32.196769_-95.853902_freq_4.png
143	0	other/img_35.507775_-87.226297_freq_4.png
54	0	other/img_32.876899_-117.186056_freq_3.png
18	0	other/img_30.166849_-81.748018_freq_3.png
0	0	other/img_21.331533_-157.865814_freq_1.png
249	0	other/img_38.798163_-90.559493_freq_2.png
311	0	other/img_40.127765_-75.347696_freq_4.png
130	0	other/img_35.464036_-97.530790_freq_3.png
122	0	other/img_35.404598_-94.460398_freq_3.png
351	0	other/img_42.436798_-96.413577_freq_4.png
368	0	other/img_45.306483_-122.948029_freq_1.png
111	0	other/img_35.042763_-110.699142_freq_4.png
383	0	other/img_45.831864_-109.961836_freq_4.png
195	0	other/img_37.673163_-122.085555_freq_4.png
361	0	other/img_44.045524_-122.966851_freq_2.png
218	0	other/img_38.452114_-122.750846_freq_3.png
358	0	other/img_43.467882_-112.003715_freq_3.png
50	0	other/img_32.781604_-97.388521_freq_3.png
233	0	other/img_38.664221_-121.272608_freq_2.png
335	0	other/img_41.113269_-85.176869_freq_4.png
284	0	other/img_39.695696_-105.071700_freq_1.png
149	0	other/img_35.981815_-87.317253_freq_2.png
362	0	other/img_44.045524_-122.966851_freq_3.png
53	0	other/img_32.876899_-117.186056_freq_2.png
194	0	other/img_37.673163_-122.085555_freq_3.png
353	0	other/img_42.530085_-98.971011_freq_2.png
299	0	other/img_39.875982_-75.121634_freq_4.png
181	0	other/img_37.315876_-122.031860_freq_2.png
374	0	other/img_45.415814_-122.593356_freq_3.png
137	0	other/img_35.484282_-120.665052_freq_2.png
61	0	other/img_33.611694_-114.725608_freq_2.png
163	0	other/img_36.493792_-90.064697_freq_4.png
224	0	other/img_38.542992_-90.192497_freq_1.png
207	0	other/img_37.810012_-122.245290_freq_4.png
291	0	other/img_39.781769_-86.083413_freq_4.png
125	0	other/img_35.463771_-97.417655_freq_2.png
99	0	other/img_34.556566_-117.288937_freq_4.png
25	0	other/img_31.782211_-97.576846_freq_2.png
2	0	other/img_21.331533_-157.865814_freq_3.png
31	0	other/img_32.012106_-90.357557_freq_4.png
393	0	other/img_47.138551_-122.525624_freq_2.png
396	0	other/img_48.398601_-122.328557_freq_1.png
188	0	other/img_37.570248_-90.286181_freq_1.png
254	0	other/img_38.856704_-104.719581_freq_3.png
115	0	other/img_35.218759_-97.422209_freq_4.png
262	0	other/img_38.886021_-94.724304_freq_3.png
29	0	other/img_32.012106_-90.357557_freq_2.png
37	0	other/img_32.196769_-95.853902_freq_2.png
33	0	other/img_32.156635_-94.345393_freq_2.png
209	0	other/img_38.051319_-97.935127_freq_2.png
202	0	other/img_37.761433_-122.477325_freq_3.png
169	0	other/img_36.808486_-119.874246_freq_2.png
186	0	other/img_37.568253_-122.026146_freq_3.png
286	0	other/img_39.695696_-105.071700_freq_3.png
104	0	other/img_34.983854_-97.370283_freq_1.png
159	0	other/img_36.461764_-94.302287_freq_4.png
6	0	other/img_28.782888_-97.045563_freq_3.png
110	0	other/img_35.042763_-110.699142_freq_3.png
5	0	other/img_28.782888_-97.045563_freq_2.png
185	0	other/img_37.568253_-122.026146_freq_2.png
133	0	other/img_35.467226_-93.831410_freq_2.png
387	0	other/img_46.316134_-117.988836_freq_4.png
289	0	other/img_39.781769_-86.083413_freq_2.png
172	0	other/img_36.889373_-89.543597_freq_1.png
213	0	other/img_38.306587_-90.531544_freq_2.png
347	0	other/img_42.325612_-88.983268_freq_4.png
327	0	other/img_40.804153_-96.682148_freq_4.png
239	0	other/img_38.685054_-90.339324_freq_4.png
47	0	other/img_32.755714_-117.126091_freq_4.png
245	0	other/img_38.709484_-90.880325_freq_2.png
214	0	other/img_38.306587_-90.531544_freq_3.png
341	0	other/img_41.651033_-86.216179_freq_2.png
205	0	other/img_37.810012_-122.245290_freq_2.png
161	0	other/img_36.493792_-90.064697_freq_2.png
3	0	other/img_21.331533_-157.865814_freq_4.png
384	0	other/img_46.316134_-117.988836_freq_1.png
247	0	other/img_38.709484_-90.880325_freq_4.png
106	0	other/img_34.983854_-97.370283_freq_3.png
70	0	other/img_33.858246_-118.082556_freq_3.png
150	0	other/img_35.981815_-87.317253_freq_3.png
357	0	other/img_43.467882_-112.003715_freq_2.png
282	0	other/img_39.620273_-104.888916_freq_3.png
109	0	other/img_35.042763_-110.699142_freq_2.png
200	0	other/img_37.761433_-122.477325_freq_1.png
287	0	other/img_39.695696_-105.071700_freq_4.png
56	0	other/img_33.037973_-111.378656_freq_1.png
151	0	other/img_35.981815_-87.317253_freq_4.png
319	0	other/img_40.588079_-111.958350_freq_4.png
343	0	other/img_41.651033_-86.216179_freq_4.png
94	0	other/img_34.493382_-118.199384_freq_3.png
97	0	other/img_34.556566_-117.288937_freq_2.png
26	0	other/img_31.782211_-97.576846_freq_3.png
377	0	other/img_45.504331_-122.475114_freq_2.png
279	0	other/img_39.392193_-119.790039_freq_4.png
313	0	other/img_40.364099_-111.742177_freq_2.png
178	0	other/img_37.056880_-120.855790_freq_3.png
134	0	other/img_35.467226_-93.831410_freq_3.png
120	0	other/img_35.404598_-94.460398_freq_1.png
227	0	other/img_38.542992_-90.192497_freq_4.png
229	0	other/img_38.567398_-90.495452_freq_2.png
223	0	other/img_38.502609_-90.298036_freq_4.png
305	0	other/img_40.051826_-105.055939_freq_2.png
88	0	other/img_34.311032_-92.413717_freq_1.png
9	0	other/img_29.449435_-95.078111_freq_2.png
381	0	other/img_45.831864_-109.961836_freq_2.png
258	0	other/img_38.883829_-94.800514_freq_3.png
336	0	other/img_41.260788_-96.177233_freq_1.png
80	0	other/img_34.077039_-118.046992_freq_1.png
288	0	other/img_39.781769_-86.083413_freq_1.png
183	0	other/img_37.315876_-122.031860_freq_4.png
65	0	other/img_33.836291_-118.328960_freq_2.png
182	0	other/img_37.315876_-122.031860_freq_3.png
320	0	other/img_40.788970_-91.115783_freq_1.png
45	0	other/img_32.755714_-117.126091_freq_2.png
267	0	other/img_38.974446_-94.551028_freq_4.png
392	0	other/img_47.138551_-122.525624_freq_1.png
257	0	other/img_38.883829_-94.800514_freq_2.png
81	0	other/img_34.077039_-118.046992_freq_2.png
298	0	other/img_39.875982_-75.121634_freq_3.png
21	0	other/img_30.742342_-99.225417_freq_2.png
306	0	other/img_40.051826_-105.055939_freq_3.png
388	0	other/img_46.599908_-120.572529_freq_1.png
277	0	other/img_39.392193_-119.790039_freq_2.png
310	0	other/img_40.127765_-75.347696_freq_3.png
180	0	other/img_37.315876_-122.031860_freq_1.png
270	0	other/img_39.014388_-94.736880_freq_3.png
60	0	other/img_33.611694_-114.725608_freq_1.png
345	0	other/img_42.325612_-88.983268_freq_2.png
135	0	other/img_35.467226_-93.831410_freq_4.png
58	0	other/img_33.037973_-111.378656_freq_3.png
113	0	other/img_35.218759_-97.422209_freq_2.png
260	0	other/img_38.886021_-94.724304_freq_1.png
119	0	other/img_35.270870_-111.544006_freq_4.png
369	0	other/img_45.306483_-122.948029_freq_2.png
317	0	other/img_40.588079_-111.958350_freq_2.png
196	0	other/img_37.754088_-100.044436_freq_1.png
253	0	other/img_38.856704_-104.719581_freq_2.png
24	0	other/img_31.782211_-97.576846_freq_1.png
41	0	other/img_32.621311_-93.268366_freq_2.png
193	0	other/img_37.673163_-122.085555_freq_2.png
23	0	other/img_30.742342_-99.225417_freq_4.png
79	0	other/img_34.075591_-117.719565_freq_4.png
285	0	other/img_39.695696_-105.071700_freq_2.png
36	0	other/img_32.196769_-95.853902_freq_1.png
146	0	other/img_35.929514_-94.966497_freq_3.png
348	0	other/img_42.436798_-96.413577_freq_1.png
162	0	other/img_36.493792_-90.064697_freq_3.png
174	0	other/img_36.889373_-89.543597_freq_3.png
367	0	other/img_44.067844_-103.195831_freq_4.png
303	0	other/img_39.914940_-105.006603_freq_4.png
364	0	other/img_44.067844_-103.195831_freq_1.png
98	0	other/img_34.556566_-117.288937_freq_3.png
337	0	other/img_41.260788_-96.177233_freq_2.png
211	0	other/img_38.051319_-97.935127_freq_4.png
397	0	other/img_48.398601_-122.328557_freq_2.png
250	0	other/img_38.798163_-90.559493_freq_3.png
300	0	other/img_39.914940_-105.006603_freq_1.png
91	0	other/img_34.311032_-92.413717_freq_4.png
140	0	other/img_35.507775_-87.226297_freq_1.png
344	0	other/img_42.325612_-88.983268_freq_1.png
158	0	other/img_36.461764_-94.302287_freq_3.png
354	0	other/img_42.530085_-98.971011_freq_3.png
167	0	other/img_36.642210_-93.204353_freq_4.png
34	0	other/img_32.156635_-94.345393_freq_3.png
7	0	other/img_28.782888_-97.045563_freq_4.png
314	0	other/img_40.364099_-111.742177_freq_3.png
123	0	other/img_35.404598_-94.460398_freq_4.png
121	0	other/img_35.404598_-94.460398_freq_2.png
219	0	other/img_38.452114_-122.750846_freq_4.png
375	0	other/img_45.415814_-122.593356_freq_4.png
177	0	other/img_37.056880_-120.855790_freq_2.png
330	0	other/img_40.826027_-91.208710_freq_3.png
222	0	other/img_38.502609_-90.298036_freq_3.png
329	0	other/img_40.826027_-91.208710_freq_2.png
132	0	other/img_35.467226_-93.831410_freq_1.png
66	0	other/img_33.836291_-118.328960_freq_3.png
230	0	other/img_38.567398_-90.495452_freq_3.png
15	0	other/img_29.617713_-95.564214_freq_4.png
100	0	other/img_34.865696_-111.764206_freq_1.png
356	0	other/img_43.467882_-112.003715_freq_1.png
187	0	other/img_37.568253_-122.026146_freq_4.png
190	0	other/img_37.570248_-90.286181_freq_3.png
141	0	other/img_35.507775_-87.226297_freq_2.png
389	0	other/img_46.599908_-120.572529_freq_2.png
301	0	other/img_39.914940_-105.006603_freq_2.png
126	0	other/img_35.463771_-97.417655_freq_3.png
40	0	other/img_32.621311_-93.268366_freq_1.png
340	0	other/img_41.651033_-86.216179_freq_1.png
152	0	other/img_36.168284_-95.922185_freq_1.png
391	0	other/img_46.599908_-120.572529_freq_4.png
281	0	other/img_39.620273_-104.888916_freq_2.png
255	0	other/img_38.856704_-104.719581_freq_4.png
321	0	other/img_40.788970_-91.115783_freq_2.png
304	0	other/img_40.051826_-105.055939_freq_1.png
296	0	other/img_39.875982_-75.121634_freq_1.png
271	0	other/img_39.014388_-94.736880_freq_4.png
316	0	other/img_40.588079_-111.958350_freq_1.png
30	0	other/img_32.012106_-90.357557_freq_3.png
171	0	other/img_36.808486_-119.874246_freq_4.png
370	0	other/img_45.306483_-122.948029_freq_3.png
153	0	other/img_36.168284_-95.922185_freq_2.png
342	0	other/img_41.651033_-86.216179_freq_3.png
93	0	other/img_34.493382_-118.199384_freq_2.png
129	0	other/img_35.464036_-97.530790_freq_2.png
332	0	other/img_41.113269_-85.176869_freq_1.png
243	0	other/img_38.701206_-90.263960_freq_4.png
363	0	other/img_44.045524_-122.966851_freq_4.png
307	0	other/img_40.051826_-105.055939_freq_4.png
328	0	other/img_40.826027_-91.208710_freq_1.png
395	0	other/img_47.138551_-122.525624_freq_4.png
323	0	other/img_40.788970_-91.115783_freq_4.png
90	0	other/img_34.311032_-92.413717_freq_3.png
145	0	other/img_35.929514_-94.966497_freq_2.png
272	0	other/img_39.173099_-91.886520_freq_1.png
72	0	other/img_34.042803_-118.219286_freq_1.png
201	0	other/img_37.761433_-122.477325_freq_2.png
231	0	other/img_38.567398_-90.495452_freq_4.png
20	0	other/img_30.742342_-99.225417_freq_1.png
147	0	other/img_35.929514_-94.966497_freq_4.png
360	0	other/img_44.045524_-122.966851_freq_1.png
338	0	other/img_41.260788_-96.177233_freq_3.png
225	0	other/img_38.542992_-90.192497_freq_2.png
221	0	other/img_38.502609_-90.298036_freq_2.png
312	0	other/img_40.364099_-111.742177_freq_1.png
274	0	other/img_39.173099_-91.886520_freq_3.png
52	0	other/img_32.876899_-117.186056_freq_1.png
175	0	other/img_36.889373_-89.543597_freq_4.png
170	0	other/img_36.808486_-119.874246_freq_3.png
331	0	other/img_40.826027_-91.208710_freq_4.png
309	0	other/img_40.127765_-75.347696_freq_2.png
101	0	other/img_34.865696_-111.764206_freq_2.png
385	0	other/img_46.316134_-117.988836_freq_2.png
138	0	other/img_35.484282_-120.665052_freq_3.png
242	0	other/img_38.701206_-90.263960_freq_3.png
75	0	other/img_34.042803_-118.219286_freq_4.png
179	0	other/img_37.056880_-120.855790_freq_4.png
44	0	other/img_32.755714_-117.126091_freq_1.png
232	0	other/img_38.664221_-121.272608_freq_1.png
38	0	other/img_32.196769_-95.853902_freq_3.png
199	0	other/img_37.754088_-100.044436_freq_4.png
237	0	other/img_38.685054_-90.339324_freq_2.png
302	0	other/img_39.914940_-105.006603_freq_3.png
198	0	other/img_37.754088_-100.044436_freq_3.png
234	0	other/img_38.664221_-121.272608_freq_3.png
294	0	other/img_39.855786_-104.956085_freq_3.png
63	0	other/img_33.611694_-114.725608_freq_4.png
365	0	other/img_44.067844_-103.195831_freq_2.png
204	0	other/img_37.810012_-122.245290_freq_1.png
156	0	other/img_36.461764_-94.302287_freq_1.png
265	0	other/img_38.974446_-94.551028_freq_2.png
263	0	other/img_38.886021_-94.724304_freq_4.png
261	0	other/img_38.886021_-94.724304_freq_2.png
290	0	other/img_39.781769_-86.083413_freq_3.png
212	0	other/img_38.306587_-90.531544_freq_1.png
112	0	other/img_35.218759_-97.422209_freq_1.png
349	0	other/img_42.436798_-96.413577_freq_2.png
12	0	other/img_29.617713_-95.564214_freq_1.png
283	0	other/img_39.620273_-104.888916_freq_4.png
144	0	other/img_35.929514_-94.966497_freq_1.png
59	0	other/img_33.037973_-111.378656_freq_4.png
142	0	other/img_35.507775_-87.226297_freq_3.png
220	0	other/img_38.502609_-90.298036_freq_1.png
103	0	other/img_34.865696_-111.764206_freq_4.png
51	0	other/img_32.781604_-97.388521_freq_4.png
236	0	other/img_38.685054_-90.339324_freq_1.png
131	0	other/img_35.464036_-97.530790_freq_4.png
118	0	other/img_35.270870_-111.544006_freq_3.png
280	0	other/img_39.620273_-104.888916_freq_1.png
154	0	other/img_36.168284_-95.922185_freq_3.png
295	0	other/img_39.855786_-104.956085_freq_4.png
165	0	other/img_36.642210_-93.204353_freq_2.png
116	0	other/img_35.270870_-111.544006_freq_1.png
78	0	other/img_34.075591_-117.719565_freq_3.png
17	0	other/img_30.166849_-81.748018_freq_2.png
371	0	other/img_45.306483_-122.948029_freq_4.png
339	0	other/img_41.260788_-96.177233_freq_4.png
210	0	other/img_38.051319_-97.935127_freq_3.png
136	0	other/img_35.484282_-120.665052_freq_1.png
57	0	other/img_33.037973_-111.378656_freq_2.png
297	0	other/img_39.875982_-75.121634_freq_2.png
102	0	other/img_34.865696_-111.764206_freq_3.png
373	0	other/img_45.415814_-122.593356_freq_2.png
96	0	other/img_34.556566_-117.288937_freq_1.png
292	0	other/img_39.855786_-104.956085_freq_1.png
241	0	other/img_38.701206_-90.263960_freq_2.png
208	0	other/img_38.051319_-97.935127_freq_1.png
16	0	other/img_30.166849_-81.748018_freq_1.png
82	0	other/img_34.077039_-118.046992_freq_3.png
148	0	other/img_35.981815_-87.317253_freq_1.png
67	0	other/img_33.836291_-118.328960_freq_4.png
48	0	other/img_32.781604_-97.388521_freq_1.png
268	0	other/img_39.014388_-94.736880_freq_1.png
376	0	other/img_45.504331_-122.475114_freq_1.png
85	0	other/img_34.221697_-118.467373_freq_2.png
390	0	other/img_46.599908_-120.572529_freq_3.png
324	0	other/img_40.804153_-96.682148_freq_1.png
10	0	other/img_29.449435_-95.078111_freq_3.png
386	0	other/img_46.316134_-117.988836_freq_3.png
127	0	other/img_35.463771_-97.417655_freq_4.png
322	0	other/img_40.788970_-91.115783_freq_3.png
266	0	other/img_38.974446_-94.551028_freq_3.png
4	0	other/img_28.782888_-97.045563_freq_1.png
197	0	other/img_37.754088_-100.044436_freq_2.png
380	0	other/img_45.831864_-109.961836_freq_1.png
326	0	other/img_40.804153_-96.682148_freq_3.png
55	0	other/img_32.876899_-117.186056_freq_4.png
74	0	other/img_34.042803_-118.219286_freq_3.png
108	0	other/img_35.042763_-110.699142_freq_1.png
318	0	other/img_40.588079_-111.958350_freq_3.png
155	0	other/img_36.168284_-95.922185_freq_4.png
71	0	other/img_33.858246_-118.082556_freq_4.png
11	0	other/img_29.449435_-95.078111_freq_4.png
235	0	other/img_38.664221_-121.272608_freq_4.png
46	0	other/img_32.755714_-117.126091_freq_3.png
164	0	other/img_36.642210_-93.204353_freq_1.png
372	0	other/img_45.415814_-122.593356_freq_1.png
