153	0	other/img_36.461764,-94.302287_freq_3.png
56	0	other/img_33.430566,-111.938559_freq_2.png
265	0	other/img_39.695696,-105.071700_freq_3.png
103	0	other/img_35.042763,-110.699142_freq_1.png
124	0	other/img_35.467226,-93.831410_freq_2.png
106	0	other/img_35.042763,-110.699142_freq_4.png
229	0	other/img_38.685054,-90.339324_freq_3.png
121	0	other/img_35.404598,-94.460398_freq_3.png
194	0	other/img_37.761433,-122.477325_freq_4.png
68	0	other/img_33.836291,-118.328960_freq_2.png
336	0	other/img_41.846534,-87.978608_freq_2.png
296	0	other/img_39.955157,-75.171672_freq_2.png
384	0	other/img_45.831864,-109.961836_freq_2.png
325	0	other/img_40.774048,-73.949068_freq_3.png
161	0	other/img_36.808486,-119.874246_freq_3.png
152	0	other/img_36.461764,-94.302287_freq_2.png
213	0	other/img_38.452114,-122.750846_freq_3.png
108	0	other/img_35.218759,-97.422209_freq_2.png
79	0	other/img_34.042803,-118.219286_freq_1.png
157	0	other/img_36.642210,-93.204353_freq_3.png
348	0	other/img_41.936000,-87.642619_freq_2.png
236	0	other/img_38.974446,-94.551028_freq_2.png
111	0	other/img_35.270870,-111.544006_freq_1.png
332	0	other/img_41.113269,-85.176869_freq_2.png
114	0	other/img_35.270870,-111.544006_freq_4.png
33	0	other/img_32.621311,-93.268366_freq_3.png
363	0	other/img_44.067844,-103.195831_freq_1.png
98	0	other/img_34.311032,-92.413717_freq_4.png
94	0	other/img_34.221697,-118.467373_freq_4.png
228	0	other/img_38.685054,-90.339324_freq_2.png
160	0	other/img_36.808486,-119.874246_freq_2.png
0	0	other/img_27.780159,-82.638729_freq_2.png
117	0	other/img_35.290586,-80.766020_freq_3.png
17	0	other/img_30.742342,-99.225417_freq_3.png
271	0	other/img_39.855786,-104.956085_freq_1.png
100	0	other/img_34.556566,-117.288937_freq_2.png
294	0	other/img_39.952675,-83.123390_freq_4.png
78	0	other/img_33.946706,-83.383487_freq_4.png
254	0	other/img_39.283537,-76.613423_freq_4.png
62	0	other/img_33.446081,-112.072305_freq_4.png
60	0	other/img_33.446081,-112.072305_freq_2.png
203	0	other/img_38.306587,-90.531544_freq_1.png
158	0	other/img_36.642210,-93.204353_freq_4.png
72	0	other/img_33.858246,-118.082556_freq_2.png
41	0	other/img_32.768546,-117.148398_freq_3.png
335	0	other/img_41.846534,-87.978608_freq_1.png
201	0	other/img_37.810012,-122.245290_freq_3.png
301	0	other/img_40.051826,-105.055939_freq_3.png
156	0	other/img_36.642210,-93.204353_freq_2.png
349	0	other/img_41.936000,-87.642619_freq_3.png
394	0	other/img_49.226110,-123.002441_freq_4.png
314	0	other/img_40.713846,-73.999738_freq_4.png
280	0	other/img_39.874154,-75.262361_freq_2.png
226	0	other/img_38.664221,-121.272608_freq_4.png
47	0	other/img_32.781604,-97.388521_freq_1.png
218	0	other/img_38.542992,-90.192497_freq_4.png
105	0	other/img_35.042763,-110.699142_freq_3.png
10	0	other/img_28.782888,-97.045563_freq_4.png
166	0	other/img_36.889373,-89.543597_freq_4.png
259	0	other/img_39.620273,-104.888916_freq_1.png
338	0	other/img_41.846534,-87.978608_freq_4.png
297	0	other/img_39.955157,-75.171672_freq_3.png
270	0	other/img_39.755896,-105.008848_freq_4.png
359	0	other/img_44.060228,-123.065456_freq_1.png
357	0	other/img_42.888819,-78.875887_freq_3.png
141	0	other/img_35.981815,-87.317253_freq_3.png
99	0	other/img_34.556566,-117.288937_freq_1.png
173	0	other/img_37.315876,-122.031860_freq_3.png
227	0	other/img_38.685054,-90.339324_freq_1.png
264	0	other/img_39.695696,-105.071700_freq_2.png
387	0	other/img_47.621865,-122.337855_freq_1.png
300	0	other/img_40.051826,-105.055939_freq_2.png
34	0	other/img_32.621311,-93.268366_freq_4.png
362	0	other/img_44.060228,-123.065456_freq_4.png
222	0	other/img_38.567398,-90.495452_freq_4.png
340	0	other/img_41.887329,-87.649553_freq_2.png
298	0	other/img_39.955157,-75.171672_freq_4.png
39	0	other/img_32.768546,-117.148398_freq_1.png
206	0	other/img_38.306587,-90.531544_freq_4.png
279	0	other/img_39.874154,-75.262361_freq_1.png
193	0	other/img_37.761433,-122.477325_freq_3.png
179	0	other/img_37.570248,-90.286181_freq_1.png
36	0	other/img_32.747997,-97.081101_freq_2.png
137	0	other/img_35.507775,-87.226297_freq_3.png
101	0	other/img_34.556566,-117.288937_freq_3.png
316	0	other/img_40.733206,-74.175194_freq_2.png
258	0	other/img_39.392193,-119.790039_freq_4.png
3	0	other/img_28.541808,-81.371378_freq_1.png
92	0	other/img_34.221697,-118.467373_freq_2.png
205	0	other/img_38.306587,-90.531544_freq_3.png
245	0	other/img_39.047266,-84.246780_freq_3.png
327	0	other/img_40.804153,-96.682148_freq_1.png
125	0	other/img_35.467226,-93.831410_freq_3.png
154	0	other/img_36.461764,-94.302287_freq_4.png
247	0	other/img_39.173099,-91.886520_freq_1.png
306	0	other/img_40.127765,-75.347696_freq_4.png
311	0	other/img_40.713846,-73.999738_freq_1.png
54	0	other/img_32.876899,-117.186056_freq_4.png
55	0	other/img_33.430566,-111.938559_freq_1.png
43	0	other/img_32.776300,-96.806562_freq_1.png
18	0	other/img_30.742342,-99.225417_freq_4.png
346	0	other/img_41.903758,-87.628874_freq_4.png
378	0	other/img_45.415814,-122.593356_freq_4.png
155	0	other/img_36.642210,-93.204353_freq_1.png
386	0	other/img_45.831864,-109.961836_freq_4.png
281	0	other/img_39.874154,-75.262361_freq_3.png
355	0	other/img_42.888819,-78.875887_freq_1.png
374	0	other/img_45.306483,-122.948029_freq_4.png
199	0	other/img_37.810012,-122.245290_freq_1.png
370	0	other/img_44.977059,-93.278811_freq_4.png
27	0	other/img_32.593073,-85.488610_freq_1.png
148	0	other/img_36.319750,-86.599870_freq_2.png
208	0	other/img_38.347330,-122.710127_freq_2.png
180	0	other/img_37.570248,-90.286181_freq_2.png
12	0	other/img_29.617713,-95.564214_freq_2.png
96	0	other/img_34.311032,-92.413717_freq_2.png
70	0	other/img_33.836291,-118.328960_freq_4.png
219	0	other/img_38.567398,-90.495452_freq_1.png
391	0	other/img_49.226110,-123.002441_freq_1.png
42	0	other/img_32.768546,-117.148398_freq_4.png
232	0	other/img_38.798163,-90.559493_freq_2.png
168	0	other/img_37.228000,-80.413300_freq_2.png
95	0	other/img_34.311032,-92.413717_freq_1.png
318	0	other/img_40.733206,-74.175194_freq_4.png
317	0	other/img_40.733206,-74.175194_freq_3.png
366	0	other/img_44.067844,-103.195831_freq_4.png
146	0	other/img_36.161239,-86.783973_freq_4.png
80	0	other/img_34.042803,-118.219286_freq_2.png
345	0	other/img_41.903758,-87.628874_freq_3.png
26	0	other/img_32.012106,-90.357557_freq_4.png
369	0	other/img_44.977059,-93.278811_freq_3.png
128	0	other/img_35.484282,-120.665052_freq_2.png
162	0	other/img_36.808486,-119.874246_freq_4.png
40	0	other/img_32.768546,-117.148398_freq_2.png
215	0	other/img_38.542992,-90.192497_freq_1.png
131	0	other/img_35.504615,-82.523931_freq_1.png
174	0	other/img_37.315876,-122.031860_freq_4.png
368	0	other/img_44.977059,-93.278811_freq_2.png
238	0	other/img_38.974446,-94.551028_freq_4.png
73	0	other/img_33.858246,-118.082556_freq_3.png
284	0	other/img_39.875982,-75.121634_freq_2.png
87	0	other/img_34.077039,-118.046992_freq_1.png
329	0	other/img_40.804153,-96.682148_freq_3.png
49	0	other/img_32.781604,-97.388521_freq_3.png
181	0	other/img_37.570248,-90.286181_freq_3.png
119	0	other/img_35.404598,-94.460398_freq_1.png
295	0	other/img_39.955157,-75.171672_freq_1.png
393	0	other/img_49.226110,-123.002441_freq_3.png
171	0	other/img_37.315876,-122.031860_freq_1.png
135	0	other/img_35.507775,-87.226297_freq_1.png
149	0	other/img_36.319750,-86.599870_freq_3.png
200	0	other/img_37.810012,-122.245290_freq_2.png
127	0	other/img_35.484282,-120.665052_freq_1.png
261	0	other/img_39.620273,-104.888916_freq_3.png
133	0	other/img_35.504615,-82.523931_freq_3.png
323	0	other/img_40.774048,-73.949068_freq_1.png
309	0	other/img_40.364099,-111.742177_freq_3.png
178	0	other/img_37.568253,-122.026146_freq_4.png
83	0	other/img_34.075591,-117.719565_freq_1.png
326	0	other/img_40.774048,-73.949068_freq_4.png
262	0	other/img_39.620273,-104.888916_freq_4.png
380	0	other/img_45.504331,-122.475114_freq_2.png
209	0	other/img_38.347330,-122.710127_freq_3.png
217	0	other/img_38.542992,-90.192497_freq_3.png
110	0	other/img_35.218759,-97.422209_freq_4.png
46	0	other/img_32.776300,-96.806562_freq_4.png
8	0	other/img_28.782888,-97.045563_freq_2.png
278	0	other/img_39.868045,-82.936566_freq_4.png
23	0	other/img_32.012106,-90.357557_freq_1.png
212	0	other/img_38.452114,-122.750846_freq_2.png
4	0	other/img_28.541808,-81.371378_freq_2.png
30	0	other/img_32.593073,-85.488610_freq_4.png
224	0	other/img_38.664221,-121.272608_freq_2.png
364	0	other/img_44.067844,-103.195831_freq_2.png
312	0	other/img_40.713846,-73.999738_freq_2.png
392	0	other/img_49.226110,-123.002441_freq_2.png
20	0	other/img_31.782211,-97.576846_freq_2.png
251	0	other/img_39.283537,-76.613423_freq_1.png
290	0	other/img_39.914940,-105.006603_freq_4.png
51	0	other/img_32.876899,-117.186056_freq_1.png
183	0	other/img_37.673163,-122.085555_freq_1.png
126	0	other/img_35.467226,-93.831410_freq_4.png
235	0	other/img_38.974446,-94.551028_freq_1.png
216	0	other/img_38.542992,-90.192497_freq_2.png
239	0	other/img_39.014388,-94.736880_freq_1.png
134	0	other/img_35.504615,-82.523931_freq_4.png
356	0	other/img_42.888819,-78.875887_freq_2.png
342	0	other/img_41.887329,-87.649553_freq_4.png
388	0	other/img_47.621865,-122.337855_freq_2.png
272	0	other/img_39.855786,-104.956085_freq_2.png
170	0	other/img_37.228000,-80.413300_freq_4.png
15	0	other/img_30.742342,-99.225417_freq_1.png
159	0	other/img_36.808486,-119.874246_freq_1.png
249	0	other/img_39.173099,-91.886520_freq_3.png
1	0	other/img_27.780159,-82.638729_freq_3.png
74	0	other/img_33.858246,-118.082556_freq_4.png
175	0	other/img_37.568253,-122.026146_freq_1.png
147	0	other/img_36.319750,-86.599870_freq_1.png
6	0	other/img_28.541808,-81.371378_freq_4.png
381	0	other/img_45.504331,-122.475114_freq_3.png
339	0	other/img_41.887329,-87.649553_freq_1.png
315	0	other/img_40.733206,-74.175194_freq_1.png
237	0	other/img_38.974446,-94.551028_freq_3.png
118	0	other/img_35.290586,-80.766020_freq_4.png
331	0	other/img_41.113269,-85.176869_freq_1.png
88	0	other/img_34.077039,-118.046992_freq_2.png
240	0	other/img_39.014388,-94.736880_freq_2.png
139	0	other/img_35.981815,-87.317253_freq_1.png
293	0	other/img_39.952675,-83.123390_freq_3.png
389	0	other/img_47.621865,-122.337855_freq_3.png
67	0	other/img_33.836291,-118.328960_freq_1.png
347	0	other/img_41.936000,-87.642619_freq_1.png
292	0	other/img_39.952675,-83.123390_freq_2.png
132	0	other/img_35.504615,-82.523931_freq_2.png
333	0	other/img_41.113269,-85.176869_freq_3.png
304	0	other/img_40.127765,-75.347696_freq_2.png
107	0	other/img_35.218759,-97.422209_freq_1.png
383	0	other/img_45.831864,-109.961836_freq_1.png
177	0	other/img_37.568253,-122.026146_freq_3.png
286	0	other/img_39.875982,-75.121634_freq_4.png
63	0	other/img_33.756855,-84.386073_freq_1.png
379	0	other/img_45.504331,-122.475114_freq_1.png
65	0	other/img_33.756855,-84.386073_freq_3.png
344	0	other/img_41.903758,-87.628874_freq_2.png
9	0	other/img_28.782888,-97.045563_freq_3.png
192	0	other/img_37.761433,-122.477325_freq_2.png
35	0	other/img_32.747997,-97.081101_freq_1.png
2	0	other/img_27.780159,-82.638729_freq_4.png
310	0	other/img_40.364099,-111.742177_freq_4.png
64	0	other/img_33.756855,-84.386073_freq_2.png
11	0	other/img_29.617713,-95.564214_freq_1.png
13	0	other/img_29.617713,-95.564214_freq_3.png
225	0	other/img_38.664221,-121.272608_freq_3.png
172	0	other/img_37.315876,-122.031860_freq_2.png
195	0	other/img_37.771274,-122.415826_freq_1.png
231	0	other/img_38.798163,-90.559493_freq_1.png
353	0	other/img_42.436798,-96.413577_freq_3.png
351	0	other/img_42.436798,-96.413577_freq_1.png
52	0	other/img_32.876899,-117.186056_freq_2.png
299	0	other/img_40.051826,-105.055939_freq_1.png
69	0	other/img_33.836291,-118.328960_freq_3.png
66	0	other/img_33.756855,-84.386073_freq_4.png
151	0	other/img_36.461764,-94.302287_freq_1.png
367	0	other/img_44.977059,-93.278811_freq_1.png
305	0	other/img_40.127765,-75.347696_freq_3.png
350	0	other/img_41.936000,-87.642619_freq_4.png
337	0	other/img_41.846534,-87.978608_freq_3.png
89	0	other/img_34.077039,-118.046992_freq_3.png
324	0	other/img_40.774048,-73.949068_freq_2.png
7	0	other/img_28.782888,-97.045563_freq_1.png
241	0	other/img_39.014388,-94.736880_freq_3.png
211	0	other/img_38.452114,-122.750846_freq_1.png
207	0	other/img_38.347330,-122.710127_freq_1.png
138	0	other/img_35.507775,-87.226297_freq_4.png
81	0	other/img_34.042803,-118.219286_freq_3.png
163	0	other/img_36.889373,-89.543597_freq_1.png
136	0	other/img_35.507775,-87.226297_freq_2.png
302	0	other/img_40.051826,-105.055939_freq_4.png
260	0	other/img_39.620273,-104.888916_freq_2.png
5	0	other/img_28.541808,-81.371378_freq_3.png
97	0	other/img_34.311032,-92.413717_freq_3.png
14	0	other/img_29.617713,-95.564214_freq_4.png
334	0	other/img_41.113269,-85.176869_freq_4.png
186	0	other/img_37.673163,-122.085555_freq_4.png
202	0	other/img_37.810012,-122.245290_freq_4.png
242	0	other/img_39.014388,-94.736880_freq_4.png
22	0	other/img_31.782211,-97.576846_freq_4.png
86	0	other/img_34.075591,-117.719565_freq_4.png
45	0	other/img_32.776300,-96.806562_freq_3.png
376	0	other/img_45.415814,-122.593356_freq_2.png
37	0	other/img_32.747997,-97.081101_freq_3.png
256	0	other/img_39.392193,-119.790039_freq_2.png
84	0	other/img_34.075591,-117.719565_freq_2.png
184	0	other/img_37.673163,-122.085555_freq_2.png
58	0	other/img_33.430566,-111.938559_freq_4.png
77	0	other/img_33.946706,-83.383487_freq_3.png
255	0	other/img_39.392193,-119.790039_freq_1.png
361	0	other/img_44.060228,-123.065456_freq_3.png
343	0	other/img_41.903758,-87.628874_freq_1.png
32	0	other/img_32.621311,-93.268366_freq_2.png
220	0	other/img_38.567398,-90.495452_freq_2.png
214	0	other/img_38.452114,-122.750846_freq_4.png
330	0	other/img_40.804153,-96.682148_freq_4.png
197	0	other/img_37.771274,-122.415826_freq_3.png
190	0	other/img_37.754088,-100.044436_freq_4.png
129	0	other/img_35.484282,-120.665052_freq_3.png
276	0	other/img_39.868045,-82.936566_freq_2.png
140	0	other/img_35.981815,-87.317253_freq_2.png
130	0	other/img_35.484282,-120.665052_freq_4.png
288	0	other/img_39.914940,-105.006603_freq_2.png
115	0	other/img_35.290586,-80.766020_freq_1.png
185	0	other/img_37.673163,-122.085555_freq_3.png
283	0	other/img_39.875982,-75.121634_freq_1.png
223	0	other/img_38.664221,-121.272608_freq_1.png
267	0	other/img_39.755896,-105.008848_freq_1.png
268	0	other/img_39.755896,-105.008848_freq_2.png
176	0	other/img_37.568253,-122.026146_freq_2.png
352	0	other/img_42.436798,-96.413577_freq_2.png
145	0	other/img_36.161239,-86.783973_freq_3.png
182	0	other/img_37.570248,-90.286181_freq_4.png
38	0	other/img_32.747997,-97.081101_freq_4.png
71	0	other/img_33.858246,-118.082556_freq_1.png
123	0	other/img_35.467226,-93.831410_freq_1.png
196	0	other/img_37.771274,-122.415826_freq_2.png
198	0	other/img_37.771274,-122.415826_freq_4.png
341	0	other/img_41.887329,-87.649553_freq_3.png
210	0	other/img_38.347330,-122.710127_freq_4.png
230	0	other/img_38.685054,-90.339324_freq_4.png
377	0	other/img_45.415814,-122.593356_freq_3.png
221	0	other/img_38.567398,-90.495452_freq_3.png
269	0	other/img_39.755896,-105.008848_freq_3.png
360	0	other/img_44.060228,-123.065456_freq_2.png
313	0	other/img_40.713846,-73.999738_freq_3.png
19	0	other/img_31.782211,-97.576846_freq_1.png
25	0	other/img_32.012106,-90.357557_freq_3.png
233	0	other/img_38.798163,-90.559493_freq_3.png
